<testExecutions version="1">
  <file path="src\components\__tests__\HelloWorld.spec.js">
    <testCase name="HelloWorld - renders properly" duration="31" />
  </file>
  <file path="src\components\__tests__\addNumbers.test.js">
    <testCase name="addNumbers - correctly adds two numbers" duration="1" />
  </file>
</testExecutions>